<?xml version="1.0" encoding="UTF-8"?>
<testsuites tests="10" failures="0" disabled="0" errors="0" time="0.165" timestamp="2024-12-13T19:08:26.466" name="AllTests">
  <testsuite name="SystemTest" tests="10" failures="0" disabled="0" skipped="0" errors="0" time="0.165" timestamp="2024-12-13T19:08:26.466">
    <testcase name="RegisterCustomer" file="C:\Users\John Wesley\source\repos\SSE550_BankingApp\Banking App Final Project\system_tests.cpp" line="8" status="run" result="completed" time="0.026" timestamp="2024-12-13T19:08:26.467" classname="SystemTest" />
    <testcase name="LoginCustomer" file="C:\Users\John Wesley\source\repos\SSE550_BankingApp\Banking App Final Project\system_tests.cpp" line="21" status="run" result="completed" time="0.007" timestamp="2024-12-13T19:08:26.493" classname="SystemTest" />
    <testcase name="CreateAccount" file="C:\Users\John Wesley\source\repos\SSE550_BankingApp\Banking App Final Project\system_tests.cpp" line="40" status="run" result="completed" time="0.027" timestamp="2024-12-13T19:08:26.501" classname="SystemTest" />
    <testcase name="DepositFunds" file="C:\Users\John Wesley\source\repos\SSE550_BankingApp\Banking App Final Project\system_tests.cpp" line="66" status="run" result="completed" time="0.007" timestamp="2024-12-13T19:08:26.529" classname="SystemTest" />
    <testcase name="WithdrawFunds_SufficientFunds" file="C:\Users\John Wesley\source\repos\SSE550_BankingApp\Banking App Final Project\system_tests.cpp" line="84" status="run" result="completed" time="0.007" timestamp="2024-12-13T19:08:26.536" classname="SystemTest" />
    <testcase name="WithdrawFunds_InsufficientFunds" file="C:\Users\John Wesley\source\repos\SSE550_BankingApp\Banking App Final Project\system_tests.cpp" line="102" status="run" result="completed" time="0.008" timestamp="2024-12-13T19:08:26.544" classname="SystemTest" />
    <testcase name="TransferFunds" file="C:\Users\John Wesley\source\repos\SSE550_BankingApp\Banking App Final Project\system_tests.cpp" line="123" status="run" result="completed" time="0.033" timestamp="2024-12-13T19:08:26.552" classname="SystemTest" />
    <testcase name="BalanceValidation" file="C:\Users\John Wesley\source\repos\SSE550_BankingApp\Banking App Final Project\system_tests.cpp" line="152" status="run" result="completed" time="0.008" timestamp="2024-12-13T19:08:26.586" classname="SystemTest" />
    <testcase name="DatabasePersistance" file="C:\Users\John Wesley\source\repos\SSE550_BankingApp\Banking App Final Project\system_tests.cpp" line="172" status="run" result="completed" time="0.015" timestamp="2024-12-13T19:08:26.595" classname="SystemTest" />
    <testcase name="AccountDeletion" file="C:\Users\John Wesley\source\repos\SSE550_BankingApp\Banking App Final Project\system_tests.cpp" line="194" status="run" result="completed" time="0.021" timestamp="2024-12-13T19:08:26.610" classname="SystemTest" />
  </testsuite>
</testsuites>
