<?xml version="1.0" encoding="UTF-8"?>
<testsuites tests="10" failures="0" disabled="0" errors="0" time="0.167" timestamp="2024-12-12T19:45:01.376" name="AllTests">
  <testsuite name="SystemTest" tests="10" failures="0" disabled="0" skipped="0" errors="0" time="0.167" timestamp="2024-12-12T19:45:01.377">
    <testcase name="RegisterCustomer" file="C:\Users\John Wesley\source\repos\SSE550_BankingApp\Banking App Final Project\system_tests.cpp" line="8" status="run" result="completed" time="0.024" timestamp="2024-12-12T19:45:01.377" classname="SystemTest" />
    <testcase name="LoginCustomer" file="C:\Users\John Wesley\source\repos\SSE550_BankingApp\Banking App Final Project\system_tests.cpp" line="21" status="run" result="completed" time="0.007" timestamp="2024-12-12T19:45:01.402" classname="SystemTest" />
    <testcase name="CreateAccount" file="C:\Users\John Wesley\source\repos\SSE550_BankingApp\Banking App Final Project\system_tests.cpp" line="40" status="run" result="completed" time="0.02" timestamp="2024-12-12T19:45:01.410" classname="SystemTest" />
    <testcase name="DepositFunds" file="C:\Users\John Wesley\source\repos\SSE550_BankingApp\Banking App Final Project\system_tests.cpp" line="66" status="run" result="completed" time="0.007" timestamp="2024-12-12T19:45:01.431" classname="SystemTest" />
    <testcase name="WithdrawFunds_SufficientFunds" file="C:\Users\John Wesley\source\repos\SSE550_BankingApp\Banking App Final Project\system_tests.cpp" line="84" status="run" result="completed" time="0.012" timestamp="2024-12-12T19:45:01.439" classname="SystemTest" />
    <testcase name="WithdrawFunds_InsufficientFunds" file="C:\Users\John Wesley\source\repos\SSE550_BankingApp\Banking App Final Project\system_tests.cpp" line="102" status="run" result="completed" time="0.014" timestamp="2024-12-12T19:45:01.452" classname="SystemTest" />
    <testcase name="BalanceValidation" file="C:\Users\John Wesley\source\repos\SSE550_BankingApp\Banking App Final Project\system_tests.cpp" line="122" status="run" result="completed" time="0.008" timestamp="2024-12-12T19:45:01.467" classname="SystemTest" />
    <testcase name="TransferFunds" file="C:\Users\John Wesley\source\repos\SSE550_BankingApp\Banking App Final Project\system_tests.cpp" line="142" status="run" result="completed" time="0.032" timestamp="2024-12-12T19:45:01.475" classname="SystemTest" />
    <testcase name="DatabasePersistance" file="C:\Users\John Wesley\source\repos\SSE550_BankingApp\Banking App Final Project\system_tests.cpp" line="171" status="run" result="completed" time="0.015" timestamp="2024-12-12T19:45:01.508" classname="SystemTest" />
    <testcase name="AccountDeletion" file="C:\Users\John Wesley\source\repos\SSE550_BankingApp\Banking App Final Project\system_tests.cpp" line="193" status="run" result="completed" time="0.019" timestamp="2024-12-12T19:45:01.524" classname="SystemTest" />
  </testsuite>
</testsuites>
