<?xml version="1.0" encoding="UTF-8"?>
<testsuites tests="4" failures="0" disabled="0" errors="0" time="0.074" timestamp="2024-12-02T20:02:49.356" name="AllTests">
  <testsuite name="SystemTest" tests="4" failures="0" disabled="0" skipped="0" errors="0" time="0.073" timestamp="2024-12-02T20:02:49.356">
    <testcase name="RegisterCustomer" file="C:\Users\John Wesley\source\repos\SSE550_BankingApp\Banking App Final Project\system_tests.cpp" line="7" status="run" result="completed" time="0.025" timestamp="2024-12-02T20:02:49.357" classname="SystemTest" />
    <testcase name="LoginCustomer" file="C:\Users\John Wesley\source\repos\SSE550_BankingApp\Banking App Final Project\system_tests.cpp" line="20" status="run" result="completed" time="0.007" timestamp="2024-12-02T20:02:49.382" classname="SystemTest" />
    <testcase name="CreateAccount" file="C:\Users\John Wesley\source\repos\SSE550_BankingApp\Banking App Final Project\system_tests.cpp" line="39" status="run" result="completed" time="0.021" timestamp="2024-12-02T20:02:49.390" classname="SystemTest" />
    <testcase name="DatabasePersistance" file="C:\Users\John Wesley\source\repos\SSE550_BankingApp\Banking App Final Project\system_tests.cpp" line="86" status="run" result="completed" time="0.018" timestamp="2024-12-02T20:02:49.411" classname="SystemTest" />
  </testsuite>
</testsuites>
