<?xml version="1.0" encoding="UTF-8"?>
<?xml-stylesheet type="text/xsl" href="gtest_results.xslt"?>
<testsuites tests="9" failures="0" disabled="0" errors="0" time="0.144" timestamp="2024-12-10T19:24:23.953" name="AllTests">
  <testsuite name="SystemTest" tests="9" failures="0" disabled="0" skipped="0" errors="0" time="0.143" timestamp="2024-12-10T19:24:23.954">
    <testcase name="RegisterCustomer" file="C:\Users\John Wesley\source\repos\SSE550_BankingApp\Banking App Final Project\system_tests.cpp" line="7" status="run" result="completed" time="0.024" timestamp="2024-12-10T19:24:23.954" classname="SystemTest" />
    <testcase name="LoginCustomer" file="C:\Users\John Wesley\source\repos\SSE550_BankingApp\Banking App Final Project\system_tests.cpp" line="20" status="run" result="completed" time="0.007" timestamp="2024-12-10T19:24:23.978" classname="SystemTest" />
    <testcase name="CreateAccount" file="C:\Users\John Wesley\source\repos\SSE550_BankingApp\Banking App Final Project\system_tests.cpp" line="39" status="run" result="completed" time="0.02" timestamp="2024-12-10T19:24:23.986" classname="SystemTest" />
    <testcase name="DepositFunds" file="C:\Users\John Wesley\source\repos\SSE550_BankingApp\Banking App Final Project\system_tests.cpp" line="65" status="run" result="completed" time="0.007" timestamp="2024-12-10T19:24:24.007" classname="SystemTest" />
    <testcase name="WithdrawFunds_SufficientFunds" file="C:\Users\John Wesley\source\repos\SSE550_BankingApp\Banking App Final Project\system_tests.cpp" line="83" status="run" result="completed" time="0.009" timestamp="2024-12-10T19:24:24.015" classname="SystemTest" />
    <testcase name="WithdrawFunds_InsufficientFunds" file="C:\Users\John Wesley\source\repos\SSE550_BankingApp\Banking App Final Project\system_tests.cpp" line="101" status="run" result="completed" time="0.013" timestamp="2024-12-10T19:24:24.024" classname="SystemTest" />
    <testcase name="BalanceValidation" file="C:\Users\John Wesley\source\repos\SSE550_BankingApp\Banking App Final Project\system_tests.cpp" line="121" status="run" result="completed" time="0.008" timestamp="2024-12-10T19:24:24.038" classname="SystemTest" />
    <testcase name="DatabasePersistance" file="C:\Users\John Wesley\source\repos\SSE550_BankingApp\Banking App Final Project\system_tests.cpp" line="141" status="run" result="completed" time="0.014" timestamp="2024-12-10T19:24:24.046" classname="SystemTest" />
    <testcase name="AccountDeletion" file="C:\Users\John Wesley\source\repos\SSE550_BankingApp\Banking App Final Project\system_tests.cpp" line="163" status="run" result="completed" time="0.036" timestamp="2024-12-10T19:24:24.061" classname="SystemTest" />
  </testsuite>
</testsuites>